<?xml version="1.0" encoding="UTF-8"?>
<!-- Generated by org.testng.reporters.JUnitXMLReporter -->
<testsuite hostname="Ramsai" ignored="0" name="Test" tests="4" failures="0" timestamp="2022-05-12T21:47:51 IST" time="139.971" errors="0">
  <testcase name="validatTitles" time="1.244" classname="Academy.ValidateTitle"/>
  <testcase name="basePageNavigation" time="7.055" classname="Academy.HomePage"/>
  <testcase name="basePageNavigation" time="6.295" classname="Academy.HomePage"/>
  <testcase name="validatTitles" time="0.658" classname="Academy.ValidateNavBar"/>
</testsuite> <!-- Test -->
